<?xml version="1.0" encoding="UTF-8"?>
<testng-results skipped="0" failed="0" ignored="0" total="2" passed="2">
  <reporter-output>
  </reporter-output>
  <suite name="Suite" duration-ms="3400" started-at="2022-09-22T05:43:38Z" finished-at="2022-09-22T05:43:41Z">
    <groups>
    </groups>
    <test name="Test" duration-ms="3400" started-at="2022-09-22T05:43:38Z" finished-at="2022-09-22T05:43:41Z">
      <class name="com.project.classe">
        <test-method status="PASS" signature="tc1()[pri:0, instance:com.project.classe@47c62251]" name="tc1" duration-ms="3236" started-at="2022-09-22T05:43:38Z" finished-at="2022-09-22T05:43:41Z">
          <reporter-output>
          </reporter-output>
        </test-method> <!-- tc1 -->
        <test-method status="PASS" signature="tc2(java.lang.String, java.lang.String)[pri:0, instance:com.project.classe@47c62251]" name="tc2" duration-ms="162" started-at="2022-09-22T05:43:41Z" finished-at="2022-09-22T05:43:41Z">
          <params>
            <param index="0">
              <value>
                <![CDATA[Balasunder]]>
              </value>
            </param>
            <param index="1">
              <value>
                <![CDATA[123456]]>
              </value>
            </param>
          </params>
          <reporter-output>
          </reporter-output>
        </test-method> <!-- tc2 -->
      </class> <!-- com.project.classe -->
    </test> <!-- Test -->
  </suite> <!-- Suite -->
</testng-results>
